<?xml version="1.0" encoding="UTF-8"?>
<!-- Generated by org.testng.reporters.JUnitReportReporter -->
<testsuite skipped="0" hostname="Latitude" name="com.automationpractice.tests.ExecuteTest" tests="23" failures="0" timestamp="03 Feb 2018 06:13:44 GMT" time="45.998" errors="0">
  <testcase name="uiTest" time="0.194" classname="com.automationpractice.tests.ExecuteTest"/>
  <testcase name="uiTest" time="0.082" classname="com.automationpractice.tests.ExecuteTest"/>
  <testcase name="uiTest" time="4.713" classname="com.automationpractice.tests.ExecuteTest"/>
  <testcase name="uiTest" time="4.069" classname="com.automationpractice.tests.ExecuteTest"/>
  <testcase name="uiTest" time="2.217" classname="com.automationpractice.tests.ExecuteTest"/>
  <testcase name="uiTest" time="5.066" classname="com.automationpractice.tests.ExecuteTest"/>
  <testcase name="uiTest" time="0.039" classname="com.automationpractice.tests.ExecuteTest"/>
  <testcase name="uiTest" time="1.347" classname="com.automationpractice.tests.ExecuteTest"/>
  <testcase name="uiTest" time="0.728" classname="com.automationpractice.tests.ExecuteTest"/>
  <testcase name="uiTest" time="0.204" classname="com.automationpractice.tests.ExecuteTest"/>
  <testcase name="uiTest" time="1.611" classname="com.automationpractice.tests.ExecuteTest"/>
  <testcase name="uiTest" time="1.855" classname="com.automationpractice.tests.ExecuteTest"/>
  <testcase name="uiTest" time="0.802" classname="com.automationpractice.tests.ExecuteTest"/>
  <testcase name="uiTest" time="0.031" classname="com.automationpractice.tests.ExecuteTest"/>
  <testcase name="uiTest" time="12.276" classname="com.automationpractice.tests.ExecuteTest"/>
  <testcase name="uiTest" time="2.999" classname="com.automationpractice.tests.ExecuteTest"/>
  <testcase name="uiTest" time="0.049" classname="com.automationpractice.tests.ExecuteTest"/>
  <testcase name="uiTest" time="3.130" classname="com.automationpractice.tests.ExecuteTest"/>
  <testcase name="uiTest" time="0.138" classname="com.automationpractice.tests.ExecuteTest"/>
  <testcase name="uiTest" time="0.212" classname="com.automationpractice.tests.ExecuteTest"/>
  <testcase name="uiTest" time="3.965" classname="com.automationpractice.tests.ExecuteTest"/>
  <testcase name="uiTest" time="0.098" classname="com.automationpractice.tests.ExecuteTest"/>
  <testcase name="uiTest" time="0.173" classname="com.automationpractice.tests.ExecuteTest"/>
</testsuite> <!-- com.automationpractice.tests.ExecuteTest -->
