<?xml version="1.0" encoding="UTF-8"?>
<!-- Generated by org.testng.reporters.JUnitReportReporter -->
<testsuite skipped="0" hostname="Latitude" name="com.automationpractice.tests.ExecuteTest" tests="46" failures="0" timestamp="09 Mar 2018 04:36:40 GMT" time="67.114" errors="0">
  <testcase name="uiTest" time="0.453" classname="com.automationpractice.tests.ExecuteTest"/>
  <testcase name="uiTest" time="9.263" classname="com.automationpractice.tests.ExecuteTest"/>
  <testcase name="uiTest" time="0.073" classname="com.automationpractice.tests.ExecuteTest"/>
  <testcase name="uiTest" time="0.302" classname="com.automationpractice.tests.ExecuteTest"/>
  <testcase name="uiTest" time="0.033" classname="com.automationpractice.tests.ExecuteTest"/>
  <testcase name="uiTest" time="1.704" classname="com.automationpractice.tests.ExecuteTest"/>
  <testcase name="uiTest" time="0.631" classname="com.automationpractice.tests.ExecuteTest"/>
  <testcase name="uiTest" time="0.450" classname="com.automationpractice.tests.ExecuteTest"/>
  <testcase name="uiTest" time="2.238" classname="com.automationpractice.tests.ExecuteTest"/>
  <testcase name="uiTest" time="0.047" classname="com.automationpractice.tests.ExecuteTest"/>
  <testcase name="uiTest" time="1.045" classname="com.automationpractice.tests.ExecuteTest"/>
  <testcase name="uiTest" time="0.097" classname="com.automationpractice.tests.ExecuteTest"/>
  <testcase name="uiTest" time="3.573" classname="com.automationpractice.tests.ExecuteTest"/>
  <testcase name="uiTest" time="1.467" classname="com.automationpractice.tests.ExecuteTest"/>
  <testcase name="uiTest" time="1.910" classname="com.automationpractice.tests.ExecuteTest"/>
  <testcase name="uiTest" time="0.159" classname="com.automationpractice.tests.ExecuteTest"/>
  <testcase name="uiTest" time="0.399" classname="com.automationpractice.tests.ExecuteTest"/>
  <testcase name="uiTest" time="1.258" classname="com.automationpractice.tests.ExecuteTest"/>
  <testcase name="uiTest" time="0.530" classname="com.automationpractice.tests.ExecuteTest"/>
  <testcase name="uiTest" time="0.135" classname="com.automationpractice.tests.ExecuteTest"/>
  <testcase name="uiTest" time="0.984" classname="com.automationpractice.tests.ExecuteTest"/>
  <testcase name="uiTest" time="2.608" classname="com.automationpractice.tests.ExecuteTest"/>
  <testcase name="uiTest" time="3.078" classname="com.automationpractice.tests.ExecuteTest"/>
  <testcase name="uiTest" time="1.890" classname="com.automationpractice.tests.ExecuteTest"/>
  <testcase name="uiTest" time="1.855" classname="com.automationpractice.tests.ExecuteTest"/>
  <testcase name="uiTest" time="0.330" classname="com.automationpractice.tests.ExecuteTest"/>
  <testcase name="uiTest" time="1.569" classname="com.automationpractice.tests.ExecuteTest"/>
  <testcase name="uiTest" time="1.657" classname="com.automationpractice.tests.ExecuteTest"/>
  <testcase name="uiTest" time="1.941" classname="com.automationpractice.tests.ExecuteTest"/>
  <testcase name="uiTest" time="0.033" classname="com.automationpractice.tests.ExecuteTest"/>
  <testcase name="uiTest" time="2.031" classname="com.automationpractice.tests.ExecuteTest"/>
  <testcase name="uiTest" time="0.394" classname="com.automationpractice.tests.ExecuteTest"/>
  <testcase name="uiTest" time="1.296" classname="com.automationpractice.tests.ExecuteTest"/>
  <testcase name="uiTest" time="0.039" classname="com.automationpractice.tests.ExecuteTest"/>
  <testcase name="uiTest" time="0.325" classname="com.automationpractice.tests.ExecuteTest"/>
  <testcase name="uiTest" time="1.802" classname="com.automationpractice.tests.ExecuteTest"/>
  <testcase name="uiTest" time="2.222" classname="com.automationpractice.tests.ExecuteTest"/>
  <testcase name="uiTest" time="0.269" classname="com.automationpractice.tests.ExecuteTest"/>
  <testcase name="uiTest" time="2.076" classname="com.automationpractice.tests.ExecuteTest"/>
  <testcase name="uiTest" time="0.033" classname="com.automationpractice.tests.ExecuteTest"/>
  <testcase name="uiTest" time="0.341" classname="com.automationpractice.tests.ExecuteTest"/>
  <testcase name="uiTest" time="6.017" classname="com.automationpractice.tests.ExecuteTest"/>
  <testcase name="uiTest" time="5.272" classname="com.automationpractice.tests.ExecuteTest"/>
  <testcase name="uiTest" time="0.380" classname="com.automationpractice.tests.ExecuteTest"/>
  <testcase name="uiTest" time="0.770" classname="com.automationpractice.tests.ExecuteTest"/>
  <testcase name="uiTest" time="2.135" classname="com.automationpractice.tests.ExecuteTest"/>
</testsuite> <!-- com.automationpractice.tests.ExecuteTest -->
