<?xml version="1.0" encoding="UTF-8"?>
<!-- Generated by org.testng.reporters.JUnitReportReporter -->
<testsuite skipped="0" hostname="Latitude" name="com.automationpractice.tests.ExecuteTest" tests="23" failures="0" timestamp="02 Feb 2018 08:31:02 GMT" time="30.617" errors="0">
  <testcase name="uiTest" time="0.221" classname="com.automationpractice.tests.ExecuteTest"/>
  <testcase name="uiTest" time="2.135" classname="com.automationpractice.tests.ExecuteTest"/>
  <testcase name="uiTest" time="1.179" classname="com.automationpractice.tests.ExecuteTest"/>
  <testcase name="uiTest" time="0.824" classname="com.automationpractice.tests.ExecuteTest"/>
  <testcase name="uiTest" time="5.710" classname="com.automationpractice.tests.ExecuteTest"/>
  <testcase name="uiTest" time="0.224" classname="com.automationpractice.tests.ExecuteTest"/>
  <testcase name="uiTest" time="1.004" classname="com.automationpractice.tests.ExecuteTest"/>
  <testcase name="uiTest" time="0.047" classname="com.automationpractice.tests.ExecuteTest"/>
  <testcase name="uiTest" time="1.074" classname="com.automationpractice.tests.ExecuteTest"/>
  <testcase name="uiTest" time="1.971" classname="com.automationpractice.tests.ExecuteTest"/>
  <testcase name="uiTest" time="0.040" classname="com.automationpractice.tests.ExecuteTest"/>
  <testcase name="uiTest" time="1.522" classname="com.automationpractice.tests.ExecuteTest"/>
  <testcase name="uiTest" time="0.102" classname="com.automationpractice.tests.ExecuteTest"/>
  <testcase name="uiTest" time="0.101" classname="com.automationpractice.tests.ExecuteTest"/>
  <testcase name="uiTest" time="1.167" classname="com.automationpractice.tests.ExecuteTest"/>
  <testcase name="uiTest" time="0.185" classname="com.automationpractice.tests.ExecuteTest"/>
  <testcase name="uiTest" time="3.820" classname="com.automationpractice.tests.ExecuteTest"/>
  <testcase name="uiTest" time="1.986" classname="com.automationpractice.tests.ExecuteTest"/>
  <testcase name="uiTest" time="0.759" classname="com.automationpractice.tests.ExecuteTest"/>
  <testcase name="uiTest" time="0.310" classname="com.automationpractice.tests.ExecuteTest"/>
  <testcase name="uiTest" time="5.959" classname="com.automationpractice.tests.ExecuteTest"/>
  <testcase name="uiTest" time="0.224" classname="com.automationpractice.tests.ExecuteTest"/>
  <testcase name="uiTest" time="0.053" classname="com.automationpractice.tests.ExecuteTest"/>
</testsuite> <!-- com.automationpractice.tests.ExecuteTest -->
