<?xml version="1.0" encoding="UTF-8"?>
<!-- Generated by org.testng.reporters.JUnitReportReporter -->
<testsuite skipped="0" hostname="Latitude" name="com.automationpractice.tests.ExecuteTest" tests="48" failures="0" timestamp="04 Apr 2018 04:24:10 GMT" time="68.450" errors="0">
  <testcase name="uiTest" time="0.649" classname="com.automationpractice.tests.ExecuteTest"/>
  <testcase name="uiTest" time="1.328" classname="com.automationpractice.tests.ExecuteTest"/>
  <testcase name="uiTest" time="0.821" classname="com.automationpractice.tests.ExecuteTest"/>
  <testcase name="uiTest" time="0.143" classname="com.automationpractice.tests.ExecuteTest"/>
  <testcase name="uiTest" time="2.166" classname="com.automationpractice.tests.ExecuteTest"/>
  <testcase name="uiTest" time="2.199" classname="com.automationpractice.tests.ExecuteTest"/>
  <testcase name="uiTest" time="2.079" classname="com.automationpractice.tests.ExecuteTest"/>
  <testcase name="uiTest" time="0.044" classname="com.automationpractice.tests.ExecuteTest"/>
  <testcase name="uiTest" time="1.652" classname="com.automationpractice.tests.ExecuteTest"/>
  <testcase name="uiTest" time="0.040" classname="com.automationpractice.tests.ExecuteTest"/>
  <testcase name="uiTest" time="0.254" classname="com.automationpractice.tests.ExecuteTest"/>
  <testcase name="uiTest" time="1.963" classname="com.automationpractice.tests.ExecuteTest"/>
  <testcase name="uiTest" time="2.278" classname="com.automationpractice.tests.ExecuteTest"/>
  <testcase name="uiTest" time="3.139" classname="com.automationpractice.tests.ExecuteTest"/>
  <testcase name="uiTest" time="2.193" classname="com.automationpractice.tests.ExecuteTest"/>
  <testcase name="uiTest" time="0.344" classname="com.automationpractice.tests.ExecuteTest"/>
  <testcase name="uiTest" time="0.586" classname="com.automationpractice.tests.ExecuteTest"/>
  <testcase name="uiTest" time="0.033" classname="com.automationpractice.tests.ExecuteTest"/>
  <testcase name="uiTest" time="0.196" classname="com.automationpractice.tests.ExecuteTest"/>
  <testcase name="uiTest" time="0.251" classname="com.automationpractice.tests.ExecuteTest"/>
  <testcase name="uiTest" time="1.292" classname="com.automationpractice.tests.ExecuteTest"/>
  <testcase name="uiTest" time="0.220" classname="com.automationpractice.tests.ExecuteTest"/>
  <testcase name="uiTest" time="0.232" classname="com.automationpractice.tests.ExecuteTest"/>
  <testcase name="uiTest" time="0.038" classname="com.automationpractice.tests.ExecuteTest"/>
  <testcase name="uiTest" time="2.114" classname="com.automationpractice.tests.ExecuteTest"/>
  <testcase name="uiTest" time="0.206" classname="com.automationpractice.tests.ExecuteTest"/>
  <testcase name="uiTest" time="7.300" classname="com.automationpractice.tests.ExecuteTest"/>
  <testcase name="uiTest" time="0.071" classname="com.automationpractice.tests.ExecuteTest"/>
  <testcase name="uiTest" time="0.210" classname="com.automationpractice.tests.ExecuteTest"/>
  <testcase name="uiTest" time="1.916" classname="com.automationpractice.tests.ExecuteTest"/>
  <testcase name="uiTest" time="0.028" classname="com.automationpractice.tests.ExecuteTest"/>
  <testcase name="uiTest" time="6.912" classname="com.automationpractice.tests.ExecuteTest"/>
  <testcase name="uiTest" time="1.130" classname="com.automationpractice.tests.ExecuteTest"/>
  <testcase name="uiTest" time="0.256" classname="com.automationpractice.tests.ExecuteTest"/>
  <testcase name="uiTest" time="1.193" classname="com.automationpractice.tests.ExecuteTest"/>
  <testcase name="uiTest" time="0.040" classname="com.automationpractice.tests.ExecuteTest"/>
  <testcase name="uiTest" time="0.278" classname="com.automationpractice.tests.ExecuteTest"/>
  <testcase name="uiTest" time="0.144" classname="com.automationpractice.tests.ExecuteTest"/>
  <testcase name="uiTest" time="0.294" classname="com.automationpractice.tests.ExecuteTest"/>
  <testcase name="uiTest" time="4.996" classname="com.automationpractice.tests.ExecuteTest"/>
  <testcase name="uiTest" time="0.588" classname="com.automationpractice.tests.ExecuteTest"/>
  <testcase name="uiTest" time="0.430" classname="com.automationpractice.tests.ExecuteTest"/>
  <testcase name="uiTest" time="0.257" classname="com.automationpractice.tests.ExecuteTest"/>
  <testcase name="uiTest" time="7.973" classname="com.automationpractice.tests.ExecuteTest"/>
  <testcase name="uiTest" time="0.266" classname="com.automationpractice.tests.ExecuteTest"/>
  <testcase name="uiTest" time="0.231" classname="com.automationpractice.tests.ExecuteTest"/>
  <testcase name="uiTest" time="7.437" classname="com.automationpractice.tests.ExecuteTest"/>
  <testcase name="uiTest" time="0.040" classname="com.automationpractice.tests.ExecuteTest"/>
</testsuite> <!-- com.automationpractice.tests.ExecuteTest -->
