<?xml version="1.0" encoding="UTF-8"?>
<!-- Generated by org.testng.reporters.JUnitReportReporter -->
<testsuite skipped="0" hostname="Latitude" name="com.automationpractice.tests.ExecuteTest" tests="23" failures="0" timestamp="04 Feb 2018 06:13:59 GMT" time="37.279" errors="0">
  <testcase name="uiTest" time="0.197" classname="com.automationpractice.tests.ExecuteTest"/>
  <testcase name="uiTest" time="0.097" classname="com.automationpractice.tests.ExecuteTest"/>
  <testcase name="uiTest" time="2.778" classname="com.automationpractice.tests.ExecuteTest"/>
  <testcase name="uiTest" time="0.050" classname="com.automationpractice.tests.ExecuteTest"/>
  <testcase name="uiTest" time="3.921" classname="com.automationpractice.tests.ExecuteTest"/>
  <testcase name="uiTest" time="0.178" classname="com.automationpractice.tests.ExecuteTest"/>
  <testcase name="uiTest" time="5.389" classname="com.automationpractice.tests.ExecuteTest"/>
  <testcase name="uiTest" time="2.268" classname="com.automationpractice.tests.ExecuteTest"/>
  <testcase name="uiTest" time="1.716" classname="com.automationpractice.tests.ExecuteTest"/>
  <testcase name="uiTest" time="0.040" classname="com.automationpractice.tests.ExecuteTest"/>
  <testcase name="uiTest" time="0.043" classname="com.automationpractice.tests.ExecuteTest"/>
  <testcase name="uiTest" time="1.725" classname="com.automationpractice.tests.ExecuteTest"/>
  <testcase name="uiTest" time="1.140" classname="com.automationpractice.tests.ExecuteTest"/>
  <testcase name="uiTest" time="8.141" classname="com.automationpractice.tests.ExecuteTest"/>
  <testcase name="uiTest" time="0.236" classname="com.automationpractice.tests.ExecuteTest"/>
  <testcase name="uiTest" time="0.163" classname="com.automationpractice.tests.ExecuteTest"/>
  <testcase name="uiTest" time="1.853" classname="com.automationpractice.tests.ExecuteTest"/>
  <testcase name="uiTest" time="1.205" classname="com.automationpractice.tests.ExecuteTest"/>
  <testcase name="uiTest" time="0.794" classname="com.automationpractice.tests.ExecuteTest"/>
  <testcase name="uiTest" time="2.214" classname="com.automationpractice.tests.ExecuteTest"/>
  <testcase name="uiTest" time="0.076" classname="com.automationpractice.tests.ExecuteTest"/>
  <testcase name="uiTest" time="0.210" classname="com.automationpractice.tests.ExecuteTest"/>
  <testcase name="uiTest" time="2.845" classname="com.automationpractice.tests.ExecuteTest"/>
</testsuite> <!-- com.automationpractice.tests.ExecuteTest -->
