<?xml version="1.0" encoding="UTF-8"?>
<!-- Generated by org.testng.reporters.JUnitReportReporter -->
<testsuite skipped="0" hostname="Latitude" name="core.testCases.HybridExecuteTest" tests="17" failures="0" timestamp="23 Dec 2017 15:50:05 GMT" time="11.589" errors="0">
  <testcase name="uiTest" time="0.472" classname="core.testCases.HybridExecuteTest"/>
  <testcase name="uiTest" time="0.151" classname="core.testCases.HybridExecuteTest"/>
  <testcase name="uiTest" time="0.389" classname="core.testCases.HybridExecuteTest"/>
  <testcase name="uiTest" time="0.769" classname="core.testCases.HybridExecuteTest"/>
  <testcase name="uiTest" time="0.713" classname="core.testCases.HybridExecuteTest"/>
  <testcase name="uiTest" time="0.150" classname="core.testCases.HybridExecuteTest"/>
  <testcase name="uiTest" time="0.104" classname="core.testCases.HybridExecuteTest"/>
  <testcase name="uiTest" time="3.082" classname="core.testCases.HybridExecuteTest"/>
  <testcase name="uiTest" time="0.112" classname="core.testCases.HybridExecuteTest"/>
  <testcase name="uiTest" time="1.921" classname="core.testCases.HybridExecuteTest"/>
  <testcase name="uiTest" time="0.002" classname="core.testCases.HybridExecuteTest"/>
  <testcase name="uiTest" time="0.464" classname="core.testCases.HybridExecuteTest"/>
  <testcase name="uiTest" time="1.947" classname="core.testCases.HybridExecuteTest"/>
  <testcase name="uiTest" time="0.002" classname="core.testCases.HybridExecuteTest"/>
  <testcase name="uiTest" time="0.136" classname="core.testCases.HybridExecuteTest"/>
  <testcase name="uiTest" time="0.466" classname="core.testCases.HybridExecuteTest"/>
  <testcase name="uiTest" time="0.709" classname="core.testCases.HybridExecuteTest"/>
</testsuite> <!-- core.testCases.HybridExecuteTest -->
