<?xml version="1.0" encoding="UTF-8"?>
<!-- Generated by org.testng.reporters.JUnitReportReporter -->
<testsuite skipped="0" hostname="Latitude" name="core.tests.ExecuteTest" tests="24" failures="0" timestamp="27 Dec 2017 06:41:39 GMT" time="18.684" errors="0">
  <testcase name="uiTest" time="1.983" classname="core.tests.ExecuteTest"/>
  <testcase name="uiTest" time="0.109" classname="core.tests.ExecuteTest"/>
  <testcase name="uiTest" time="0.729" classname="core.tests.ExecuteTest"/>
  <testcase name="uiTest" time="0.492" classname="core.tests.ExecuteTest"/>
  <testcase name="uiTest" time="0.133" classname="core.tests.ExecuteTest"/>
  <testcase name="uiTest" time="0.679" classname="core.tests.ExecuteTest"/>
  <testcase name="uiTest" time="0.173" classname="core.tests.ExecuteTest"/>
  <testcase name="uiTest" time="0.134" classname="core.tests.ExecuteTest"/>
  <testcase name="uiTest" time="0.203" classname="core.tests.ExecuteTest"/>
  <testcase name="uiTest" time="0.144" classname="core.tests.ExecuteTest"/>
  <testcase name="uiTest" time="4.869" classname="core.tests.ExecuteTest"/>
  <testcase name="uiTest" time="0.584" classname="core.tests.ExecuteTest"/>
  <testcase name="uiTest" time="0.555" classname="core.tests.ExecuteTest"/>
  <testcase name="uiTest" time="0.495" classname="core.tests.ExecuteTest"/>
  <testcase name="uiTest" time="0.098" classname="core.tests.ExecuteTest"/>
  <testcase name="uiTest" time="0.417" classname="core.tests.ExecuteTest"/>
  <testcase name="uiTest" time="0.766" classname="core.tests.ExecuteTest"/>
  <testcase name="uiTest" time="0.134" classname="core.tests.ExecuteTest"/>
  <testcase name="uiTest" time="0.920" classname="core.tests.ExecuteTest"/>
  <testcase name="uiTest" time="0.005" classname="core.tests.ExecuteTest"/>
  <testcase name="uiTest" time="0.717" classname="core.tests.ExecuteTest"/>
  <testcase name="uiTest" time="1.892" classname="core.tests.ExecuteTest"/>
  <testcase name="uiTest" time="1.928" classname="core.tests.ExecuteTest"/>
  <testcase name="uiTest" time="0.525" classname="core.tests.ExecuteTest"/>
</testsuite> <!-- core.tests.ExecuteTest -->
