<?xml version="1.0" encoding="UTF-8"?>
<!-- Generated by org.testng.reporters.JUnitReportReporter -->
<testsuite skipped="0" hostname="Latitude" name="com.automationpractice.tests.ExecuteTest" tests="46" failures="0" timestamp="17 Mar 2018 04:46:55 GMT" time="73.139" errors="0">
  <testcase name="uiTest" time="0.035" classname="com.automationpractice.tests.ExecuteTest"/>
  <testcase name="uiTest" time="0.176" classname="com.automationpractice.tests.ExecuteTest"/>
  <testcase name="uiTest" time="0.020" classname="com.automationpractice.tests.ExecuteTest"/>
  <testcase name="uiTest" time="5.441" classname="com.automationpractice.tests.ExecuteTest"/>
  <testcase name="uiTest" time="0.023" classname="com.automationpractice.tests.ExecuteTest"/>
  <testcase name="uiTest" time="0.191" classname="com.automationpractice.tests.ExecuteTest"/>
  <testcase name="uiTest" time="0.100" classname="com.automationpractice.tests.ExecuteTest"/>
  <testcase name="uiTest" time="0.103" classname="com.automationpractice.tests.ExecuteTest"/>
  <testcase name="uiTest" time="0.198" classname="com.automationpractice.tests.ExecuteTest"/>
  <testcase name="uiTest" time="0.166" classname="com.automationpractice.tests.ExecuteTest"/>
  <testcase name="uiTest" time="0.570" classname="com.automationpractice.tests.ExecuteTest"/>
  <testcase name="uiTest" time="4.627" classname="com.automationpractice.tests.ExecuteTest"/>
  <testcase name="uiTest" time="0.104" classname="com.automationpractice.tests.ExecuteTest"/>
  <testcase name="uiTest" time="0.183" classname="com.automationpractice.tests.ExecuteTest"/>
  <testcase name="uiTest" time="1.737" classname="com.automationpractice.tests.ExecuteTest"/>
  <testcase name="uiTest" time="1.342" classname="com.automationpractice.tests.ExecuteTest"/>
  <testcase name="uiTest" time="1.191" classname="com.automationpractice.tests.ExecuteTest"/>
  <testcase name="uiTest" time="1.907" classname="com.automationpractice.tests.ExecuteTest"/>
  <testcase name="uiTest" time="4.498" classname="com.automationpractice.tests.ExecuteTest"/>
  <testcase name="uiTest" time="2.727" classname="com.automationpractice.tests.ExecuteTest"/>
  <testcase name="uiTest" time="0.716" classname="com.automationpractice.tests.ExecuteTest"/>
  <testcase name="uiTest" time="1.634" classname="com.automationpractice.tests.ExecuteTest"/>
  <testcase name="uiTest" time="0.182" classname="com.automationpractice.tests.ExecuteTest"/>
  <testcase name="uiTest" time="0.571" classname="com.automationpractice.tests.ExecuteTest"/>
  <testcase name="uiTest" time="3.326" classname="com.automationpractice.tests.ExecuteTest"/>
  <testcase name="uiTest" time="5.155" classname="com.automationpractice.tests.ExecuteTest"/>
  <testcase name="uiTest" time="0.018" classname="com.automationpractice.tests.ExecuteTest"/>
  <testcase name="uiTest" time="0.030" classname="com.automationpractice.tests.ExecuteTest"/>
  <testcase name="uiTest" time="2.421" classname="com.automationpractice.tests.ExecuteTest"/>
  <testcase name="uiTest" time="4.999" classname="com.automationpractice.tests.ExecuteTest"/>
  <testcase name="uiTest" time="5.074" classname="com.automationpractice.tests.ExecuteTest"/>
  <testcase name="uiTest" time="1.625" classname="com.automationpractice.tests.ExecuteTest"/>
  <testcase name="uiTest" time="0.199" classname="com.automationpractice.tests.ExecuteTest"/>
  <testcase name="uiTest" time="0.683" classname="com.automationpractice.tests.ExecuteTest"/>
  <testcase name="uiTest" time="0.055" classname="com.automationpractice.tests.ExecuteTest"/>
  <testcase name="uiTest" time="1.734" classname="com.automationpractice.tests.ExecuteTest"/>
  <testcase name="uiTest" time="0.212" classname="com.automationpractice.tests.ExecuteTest"/>
  <testcase name="uiTest" time="4.848" classname="com.automationpractice.tests.ExecuteTest"/>
  <testcase name="uiTest" time="1.191" classname="com.automationpractice.tests.ExecuteTest"/>
  <testcase name="uiTest" time="2.868" classname="com.automationpractice.tests.ExecuteTest"/>
  <testcase name="uiTest" time="0.045" classname="com.automationpractice.tests.ExecuteTest"/>
  <testcase name="uiTest" time="0.187" classname="com.automationpractice.tests.ExecuteTest"/>
  <testcase name="uiTest" time="1.058" classname="com.automationpractice.tests.ExecuteTest"/>
  <testcase name="uiTest" time="1.541" classname="com.automationpractice.tests.ExecuteTest"/>
  <testcase name="uiTest" time="7.224" classname="com.automationpractice.tests.ExecuteTest"/>
  <testcase name="uiTest" time="0.204" classname="com.automationpractice.tests.ExecuteTest"/>
</testsuite> <!-- com.automationpractice.tests.ExecuteTest -->
