<?xml version="1.0" encoding="UTF-8"?>
<!-- Generated by org.testng.reporters.JUnitReportReporter -->
<testsuite skipped="0" hostname="Latitude" name="com.automationpractice.tests.ExecuteTest" tests="23" failures="0" timestamp="28 Jan 2018 05:41:30 GMT" time="33.318" errors="0">
  <testcase name="uiTest" time="0.211" classname="com.automationpractice.tests.ExecuteTest"/>
  <testcase name="uiTest" time="0.066" classname="com.automationpractice.tests.ExecuteTest"/>
  <testcase name="uiTest" time="0.682" classname="com.automationpractice.tests.ExecuteTest"/>
  <testcase name="uiTest" time="2.405" classname="com.automationpractice.tests.ExecuteTest"/>
  <testcase name="uiTest" time="2.080" classname="com.automationpractice.tests.ExecuteTest"/>
  <testcase name="uiTest" time="8.769" classname="com.automationpractice.tests.ExecuteTest"/>
  <testcase name="uiTest" time="0.048" classname="com.automationpractice.tests.ExecuteTest"/>
  <testcase name="uiTest" time="0.025" classname="com.automationpractice.tests.ExecuteTest"/>
  <testcase name="uiTest" time="2.583" classname="com.automationpractice.tests.ExecuteTest"/>
  <testcase name="uiTest" time="2.080" classname="com.automationpractice.tests.ExecuteTest"/>
  <testcase name="uiTest" time="1.101" classname="com.automationpractice.tests.ExecuteTest"/>
  <testcase name="uiTest" time="0.833" classname="com.automationpractice.tests.ExecuteTest"/>
  <testcase name="uiTest" time="0.241" classname="com.automationpractice.tests.ExecuteTest"/>
  <testcase name="uiTest" time="0.179" classname="com.automationpractice.tests.ExecuteTest"/>
  <testcase name="uiTest" time="0.216" classname="com.automationpractice.tests.ExecuteTest"/>
  <testcase name="uiTest" time="0.093" classname="com.automationpractice.tests.ExecuteTest"/>
  <testcase name="uiTest" time="1.938" classname="com.automationpractice.tests.ExecuteTest"/>
  <testcase name="uiTest" time="4.824" classname="com.automationpractice.tests.ExecuteTest"/>
  <testcase name="uiTest" time="1.521" classname="com.automationpractice.tests.ExecuteTest"/>
  <testcase name="uiTest" time="0.170" classname="com.automationpractice.tests.ExecuteTest"/>
  <testcase name="uiTest" time="1.583" classname="com.automationpractice.tests.ExecuteTest"/>
  <testcase name="uiTest" time="0.021" classname="com.automationpractice.tests.ExecuteTest"/>
  <testcase name="uiTest" time="1.649" classname="com.automationpractice.tests.ExecuteTest"/>
</testsuite> <!-- com.automationpractice.tests.ExecuteTest -->
