<?xml version="1.0" encoding="UTF-8"?>
<!-- Generated by org.testng.reporters.JUnitReportReporter -->
<testsuite skipped="0" hostname="Latitude" name="com.automationpractice.tests.ExecuteTest" tests="48" failures="0" timestamp="26 Mar 2018 05:08:16 GMT" time="57.527" errors="0">
  <testcase name="uiTest" time="1.511" classname="com.automationpractice.tests.ExecuteTest"/>
  <testcase name="uiTest" time="0.316" classname="com.automationpractice.tests.ExecuteTest"/>
  <testcase name="uiTest" time="0.026" classname="com.automationpractice.tests.ExecuteTest"/>
  <testcase name="uiTest" time="0.573" classname="com.automationpractice.tests.ExecuteTest"/>
  <testcase name="uiTest" time="0.606" classname="com.automationpractice.tests.ExecuteTest"/>
  <testcase name="uiTest" time="0.163" classname="com.automationpractice.tests.ExecuteTest"/>
  <testcase name="uiTest" time="2.146" classname="com.automationpractice.tests.ExecuteTest"/>
  <testcase name="uiTest" time="2.144" classname="com.automationpractice.tests.ExecuteTest"/>
  <testcase name="uiTest" time="0.174" classname="com.automationpractice.tests.ExecuteTest"/>
  <testcase name="uiTest" time="5.592" classname="com.automationpractice.tests.ExecuteTest"/>
  <testcase name="uiTest" time="0.181" classname="com.automationpractice.tests.ExecuteTest"/>
  <testcase name="uiTest" time="0.027" classname="com.automationpractice.tests.ExecuteTest"/>
  <testcase name="uiTest" time="1.196" classname="com.automationpractice.tests.ExecuteTest"/>
  <testcase name="uiTest" time="0.215" classname="com.automationpractice.tests.ExecuteTest"/>
  <testcase name="uiTest" time="2.543" classname="com.automationpractice.tests.ExecuteTest"/>
  <testcase name="uiTest" time="0.335" classname="com.automationpractice.tests.ExecuteTest"/>
  <testcase name="uiTest" time="1.764" classname="com.automationpractice.tests.ExecuteTest"/>
  <testcase name="uiTest" time="0.036" classname="com.automationpractice.tests.ExecuteTest"/>
  <testcase name="uiTest" time="0.067" classname="com.automationpractice.tests.ExecuteTest"/>
  <testcase name="uiTest" time="0.240" classname="com.automationpractice.tests.ExecuteTest"/>
  <testcase name="uiTest" time="0.026" classname="com.automationpractice.tests.ExecuteTest"/>
  <testcase name="uiTest" time="0.211" classname="com.automationpractice.tests.ExecuteTest"/>
  <testcase name="uiTest" time="1.734" classname="com.automationpractice.tests.ExecuteTest"/>
  <testcase name="uiTest" time="1.744" classname="com.automationpractice.tests.ExecuteTest"/>
  <testcase name="uiTest" time="1.573" classname="com.automationpractice.tests.ExecuteTest"/>
  <testcase name="uiTest" time="0.764" classname="com.automationpractice.tests.ExecuteTest"/>
  <testcase name="uiTest" time="0.036" classname="com.automationpractice.tests.ExecuteTest"/>
  <testcase name="uiTest" time="0.173" classname="com.automationpractice.tests.ExecuteTest"/>
  <testcase name="uiTest" time="8.375" classname="com.automationpractice.tests.ExecuteTest"/>
  <testcase name="uiTest" time="0.576" classname="com.automationpractice.tests.ExecuteTest"/>
  <testcase name="uiTest" time="0.201" classname="com.automationpractice.tests.ExecuteTest"/>
  <testcase name="uiTest" time="0.020" classname="com.automationpractice.tests.ExecuteTest"/>
  <testcase name="uiTest" time="0.225" classname="com.automationpractice.tests.ExecuteTest"/>
  <testcase name="uiTest" time="0.997" classname="com.automationpractice.tests.ExecuteTest"/>
  <testcase name="uiTest" time="1.589" classname="com.automationpractice.tests.ExecuteTest"/>
  <testcase name="uiTest" time="0.167" classname="com.automationpractice.tests.ExecuteTest"/>
  <testcase name="uiTest" time="0.180" classname="com.automationpractice.tests.ExecuteTest"/>
  <testcase name="uiTest" time="5.876" classname="com.automationpractice.tests.ExecuteTest"/>
  <testcase name="uiTest" time="1.704" classname="com.automationpractice.tests.ExecuteTest"/>
  <testcase name="uiTest" time="0.112" classname="com.automationpractice.tests.ExecuteTest"/>
  <testcase name="uiTest" time="0.136" classname="com.automationpractice.tests.ExecuteTest"/>
  <testcase name="uiTest" time="4.191" classname="com.automationpractice.tests.ExecuteTest"/>
  <testcase name="uiTest" time="0.095" classname="com.automationpractice.tests.ExecuteTest"/>
  <testcase name="uiTest" time="3.245" classname="com.automationpractice.tests.ExecuteTest"/>
  <testcase name="uiTest" time="0.051" classname="com.automationpractice.tests.ExecuteTest"/>
  <testcase name="uiTest" time="0.171" classname="com.automationpractice.tests.ExecuteTest"/>
  <testcase name="uiTest" time="1.527" classname="com.automationpractice.tests.ExecuteTest"/>
  <testcase name="uiTest" time="1.973" classname="com.automationpractice.tests.ExecuteTest"/>
</testsuite> <!-- com.automationpractice.tests.ExecuteTest -->
