<?xml version="1.0" encoding="UTF-8"?>
<!-- Generated by org.testng.reporters.JUnitReportReporter -->
<testsuite skipped="0" hostname="Latitude" name="com.automationpractice.tests.ExecuteTest" tests="48" failures="0" timestamp="25 Mar 2018 07:01:10 GMT" time="65.702" errors="0">
  <testcase name="uiTest" time="0.044" classname="com.automationpractice.tests.ExecuteTest"/>
  <testcase name="uiTest" time="0.032" classname="com.automationpractice.tests.ExecuteTest"/>
  <testcase name="uiTest" time="2.211" classname="com.automationpractice.tests.ExecuteTest"/>
  <testcase name="uiTest" time="0.306" classname="com.automationpractice.tests.ExecuteTest"/>
  <testcase name="uiTest" time="1.070" classname="com.automationpractice.tests.ExecuteTest"/>
  <testcase name="uiTest" time="0.709" classname="com.automationpractice.tests.ExecuteTest"/>
  <testcase name="uiTest" time="0.049" classname="com.automationpractice.tests.ExecuteTest"/>
  <testcase name="uiTest" time="0.561" classname="com.automationpractice.tests.ExecuteTest"/>
  <testcase name="uiTest" time="0.164" classname="com.automationpractice.tests.ExecuteTest"/>
  <testcase name="uiTest" time="1.666" classname="com.automationpractice.tests.ExecuteTest"/>
  <testcase name="uiTest" time="0.178" classname="com.automationpractice.tests.ExecuteTest"/>
  <testcase name="uiTest" time="0.173" classname="com.automationpractice.tests.ExecuteTest"/>
  <testcase name="uiTest" time="9.903" classname="com.automationpractice.tests.ExecuteTest"/>
  <testcase name="uiTest" time="0.581" classname="com.automationpractice.tests.ExecuteTest"/>
  <testcase name="uiTest" time="0.025" classname="com.automationpractice.tests.ExecuteTest"/>
  <testcase name="uiTest" time="0.089" classname="com.automationpractice.tests.ExecuteTest"/>
  <testcase name="uiTest" time="0.197" classname="com.automationpractice.tests.ExecuteTest"/>
  <testcase name="uiTest" time="0.136" classname="com.automationpractice.tests.ExecuteTest"/>
  <testcase name="uiTest" time="0.047" classname="com.automationpractice.tests.ExecuteTest"/>
  <testcase name="uiTest" time="1.238" classname="com.automationpractice.tests.ExecuteTest"/>
  <testcase name="uiTest" time="8.308" classname="com.automationpractice.tests.ExecuteTest"/>
  <testcase name="uiTest" time="0.201" classname="com.automationpractice.tests.ExecuteTest"/>
  <testcase name="uiTest" time="1.893" classname="com.automationpractice.tests.ExecuteTest"/>
  <testcase name="uiTest" time="1.905" classname="com.automationpractice.tests.ExecuteTest"/>
  <testcase name="uiTest" time="1.312" classname="com.automationpractice.tests.ExecuteTest"/>
  <testcase name="uiTest" time="0.022" classname="com.automationpractice.tests.ExecuteTest"/>
  <testcase name="uiTest" time="4.313" classname="com.automationpractice.tests.ExecuteTest"/>
  <testcase name="uiTest" time="0.216" classname="com.automationpractice.tests.ExecuteTest"/>
  <testcase name="uiTest" time="1.891" classname="com.automationpractice.tests.ExecuteTest"/>
  <testcase name="uiTest" time="1.570" classname="com.automationpractice.tests.ExecuteTest"/>
  <testcase name="uiTest" time="0.027" classname="com.automationpractice.tests.ExecuteTest"/>
  <testcase name="uiTest" time="2.254" classname="com.automationpractice.tests.ExecuteTest"/>
  <testcase name="uiTest" time="1.478" classname="com.automationpractice.tests.ExecuteTest"/>
  <testcase name="uiTest" time="8.547" classname="com.automationpractice.tests.ExecuteTest"/>
  <testcase name="uiTest" time="0.127" classname="com.automationpractice.tests.ExecuteTest"/>
  <testcase name="uiTest" time="5.390" classname="com.automationpractice.tests.ExecuteTest"/>
  <testcase name="uiTest" time="0.191" classname="com.automationpractice.tests.ExecuteTest"/>
  <testcase name="uiTest" time="0.218" classname="com.automationpractice.tests.ExecuteTest"/>
  <testcase name="uiTest" time="0.169" classname="com.automationpractice.tests.ExecuteTest"/>
  <testcase name="uiTest" time="1.955" classname="com.automationpractice.tests.ExecuteTest"/>
  <testcase name="uiTest" time="0.166" classname="com.automationpractice.tests.ExecuteTest"/>
  <testcase name="uiTest" time="0.139" classname="com.automationpractice.tests.ExecuteTest"/>
  <testcase name="uiTest" time="0.132" classname="com.automationpractice.tests.ExecuteTest"/>
  <testcase name="uiTest" time="0.193" classname="com.automationpractice.tests.ExecuteTest"/>
  <testcase name="uiTest" time="0.610" classname="com.automationpractice.tests.ExecuteTest"/>
  <testcase name="uiTest" time="1.753" classname="com.automationpractice.tests.ExecuteTest"/>
  <testcase name="uiTest" time="1.283" classname="com.automationpractice.tests.ExecuteTest"/>
  <testcase name="uiTest" time="0.060" classname="com.automationpractice.tests.ExecuteTest"/>
</testsuite> <!-- com.automationpractice.tests.ExecuteTest -->
