<?xml version="1.0" encoding="UTF-8"?>
<!-- Generated by org.testng.reporters.JUnitReportReporter -->
<testsuite skipped="0" hostname="Latitude" name="com.automationpractice.tests.ExecuteTest" tests="46" failures="0" timestamp="10 Mar 2018 04:15:39 GMT" time="73.535" errors="0">
  <testcase name="uiTest" time="0.483" classname="com.automationpractice.tests.ExecuteTest"/>
  <testcase name="uiTest" time="0.094" classname="com.automationpractice.tests.ExecuteTest"/>
  <testcase name="uiTest" time="0.383" classname="com.automationpractice.tests.ExecuteTest"/>
  <testcase name="uiTest" time="0.046" classname="com.automationpractice.tests.ExecuteTest"/>
  <testcase name="uiTest" time="2.224" classname="com.automationpractice.tests.ExecuteTest"/>
  <testcase name="uiTest" time="0.742" classname="com.automationpractice.tests.ExecuteTest"/>
  <testcase name="uiTest" time="0.348" classname="com.automationpractice.tests.ExecuteTest"/>
  <testcase name="uiTest" time="1.821" classname="com.automationpractice.tests.ExecuteTest"/>
  <testcase name="uiTest" time="0.049" classname="com.automationpractice.tests.ExecuteTest"/>
  <testcase name="uiTest" time="1.018" classname="com.automationpractice.tests.ExecuteTest"/>
  <testcase name="uiTest" time="0.055" classname="com.automationpractice.tests.ExecuteTest"/>
  <testcase name="uiTest" time="2.750" classname="com.automationpractice.tests.ExecuteTest"/>
  <testcase name="uiTest" time="1.627" classname="com.automationpractice.tests.ExecuteTest"/>
  <testcase name="uiTest" time="2.756" classname="com.automationpractice.tests.ExecuteTest"/>
  <testcase name="uiTest" time="0.421" classname="com.automationpractice.tests.ExecuteTest"/>
  <testcase name="uiTest" time="2.901" classname="com.automationpractice.tests.ExecuteTest"/>
  <testcase name="uiTest" time="0.409" classname="com.automationpractice.tests.ExecuteTest"/>
  <testcase name="uiTest" time="0.290" classname="com.automationpractice.tests.ExecuteTest"/>
  <testcase name="uiTest" time="1.126" classname="com.automationpractice.tests.ExecuteTest"/>
  <testcase name="uiTest" time="2.690" classname="com.automationpractice.tests.ExecuteTest"/>
  <testcase name="uiTest" time="2.373" classname="com.automationpractice.tests.ExecuteTest"/>
  <testcase name="uiTest" time="2.141" classname="com.automationpractice.tests.ExecuteTest"/>
  <testcase name="uiTest" time="0.072" classname="com.automationpractice.tests.ExecuteTest"/>
  <testcase name="uiTest" time="2.064" classname="com.automationpractice.tests.ExecuteTest"/>
  <testcase name="uiTest" time="0.412" classname="com.automationpractice.tests.ExecuteTest"/>
  <testcase name="uiTest" time="1.482" classname="com.automationpractice.tests.ExecuteTest"/>
  <testcase name="uiTest" time="1.594" classname="com.automationpractice.tests.ExecuteTest"/>
  <testcase name="uiTest" time="2.310" classname="com.automationpractice.tests.ExecuteTest"/>
  <testcase name="uiTest" time="0.024" classname="com.automationpractice.tests.ExecuteTest"/>
  <testcase name="uiTest" time="2.215" classname="com.automationpractice.tests.ExecuteTest"/>
  <testcase name="uiTest" time="0.437" classname="com.automationpractice.tests.ExecuteTest"/>
  <testcase name="uiTest" time="1.625" classname="com.automationpractice.tests.ExecuteTest"/>
  <testcase name="uiTest" time="0.049" classname="com.automationpractice.tests.ExecuteTest"/>
  <testcase name="uiTest" time="9.021" classname="com.automationpractice.tests.ExecuteTest"/>
  <testcase name="uiTest" time="0.595" classname="com.automationpractice.tests.ExecuteTest"/>
  <testcase name="uiTest" time="2.074" classname="com.automationpractice.tests.ExecuteTest"/>
  <testcase name="uiTest" time="2.494" classname="com.automationpractice.tests.ExecuteTest"/>
  <testcase name="uiTest" time="0.445" classname="com.automationpractice.tests.ExecuteTest"/>
  <testcase name="uiTest" time="2.448" classname="com.automationpractice.tests.ExecuteTest"/>
  <testcase name="uiTest" time="0.032" classname="com.automationpractice.tests.ExecuteTest"/>
  <testcase name="uiTest" time="0.364" classname="com.automationpractice.tests.ExecuteTest"/>
  <testcase name="uiTest" time="5.463" classname="com.automationpractice.tests.ExecuteTest"/>
  <testcase name="uiTest" time="0.603" classname="com.automationpractice.tests.ExecuteTest"/>
  <testcase name="uiTest" time="8.054" classname="com.automationpractice.tests.ExecuteTest"/>
  <testcase name="uiTest" time="0.589" classname="com.automationpractice.tests.ExecuteTest"/>
  <testcase name="uiTest" time="2.322" classname="com.automationpractice.tests.ExecuteTest"/>
</testsuite> <!-- com.automationpractice.tests.ExecuteTest -->
