<?xml version="1.0" encoding="UTF-8"?>
<!-- Generated by org.testng.reporters.JUnitReportReporter -->
<testsuite skipped="0" hostname="911laptop" name="com.automationpractice.tests.ExecuteTest" tests="48" failures="0" timestamp="05 Apr 2018 23:40:10 GMT" time="54.994" errors="0">
  <testcase name="uiTest" time="1.942" classname="com.automationpractice.tests.ExecuteTest"/>
  <testcase name="uiTest" time="0.120" classname="com.automationpractice.tests.ExecuteTest"/>
  <testcase name="uiTest" time="2.700" classname="com.automationpractice.tests.ExecuteTest"/>
  <testcase name="uiTest" time="0.125" classname="com.automationpractice.tests.ExecuteTest"/>
  <testcase name="uiTest" time="0.213" classname="com.automationpractice.tests.ExecuteTest"/>
  <testcase name="uiTest" time="4.180" classname="com.automationpractice.tests.ExecuteTest"/>
  <testcase name="uiTest" time="0.033" classname="com.automationpractice.tests.ExecuteTest"/>
  <testcase name="uiTest" time="4.677" classname="com.automationpractice.tests.ExecuteTest"/>
  <testcase name="uiTest" time="0.192" classname="com.automationpractice.tests.ExecuteTest"/>
  <testcase name="uiTest" time="4.956" classname="com.automationpractice.tests.ExecuteTest"/>
  <testcase name="uiTest" time="0.158" classname="com.automationpractice.tests.ExecuteTest"/>
  <testcase name="uiTest" time="0.219" classname="com.automationpractice.tests.ExecuteTest"/>
  <testcase name="uiTest" time="1.954" classname="com.automationpractice.tests.ExecuteTest"/>
  <testcase name="uiTest" time="0.028" classname="com.automationpractice.tests.ExecuteTest"/>
  <testcase name="uiTest" time="0.188" classname="com.automationpractice.tests.ExecuteTest"/>
  <testcase name="uiTest" time="1.322" classname="com.automationpractice.tests.ExecuteTest"/>
  <testcase name="uiTest" time="0.047" classname="com.automationpractice.tests.ExecuteTest"/>
  <testcase name="uiTest" time="0.021" classname="com.automationpractice.tests.ExecuteTest"/>
  <testcase name="uiTest" time="0.815" classname="com.automationpractice.tests.ExecuteTest"/>
  <testcase name="uiTest" time="0.153" classname="com.automationpractice.tests.ExecuteTest"/>
  <testcase name="uiTest" time="4.037" classname="com.automationpractice.tests.ExecuteTest"/>
  <testcase name="uiTest" time="1.001" classname="com.automationpractice.tests.ExecuteTest"/>
  <testcase name="uiTest" time="1.467" classname="com.automationpractice.tests.ExecuteTest"/>
  <testcase name="uiTest" time="0.349" classname="com.automationpractice.tests.ExecuteTest"/>
  <testcase name="uiTest" time="1.786" classname="com.automationpractice.tests.ExecuteTest"/>
  <testcase name="uiTest" time="0.665" classname="com.automationpractice.tests.ExecuteTest"/>
  <testcase name="uiTest" time="0.143" classname="com.automationpractice.tests.ExecuteTest"/>
  <testcase name="uiTest" time="1.140" classname="com.automationpractice.tests.ExecuteTest"/>
  <testcase name="uiTest" time="0.035" classname="com.automationpractice.tests.ExecuteTest"/>
  <testcase name="uiTest" time="0.627" classname="com.automationpractice.tests.ExecuteTest"/>
  <testcase name="uiTest" time="0.268" classname="com.automationpractice.tests.ExecuteTest"/>
  <testcase name="uiTest" time="1.168" classname="com.automationpractice.tests.ExecuteTest"/>
  <testcase name="uiTest" time="0.648" classname="com.automationpractice.tests.ExecuteTest"/>
  <testcase name="uiTest" time="0.094" classname="com.automationpractice.tests.ExecuteTest"/>
  <testcase name="uiTest" time="0.160" classname="com.automationpractice.tests.ExecuteTest"/>
  <testcase name="uiTest" time="0.125" classname="com.automationpractice.tests.ExecuteTest"/>
  <testcase name="uiTest" time="0.135" classname="com.automationpractice.tests.ExecuteTest"/>
  <testcase name="uiTest" time="1.569" classname="com.automationpractice.tests.ExecuteTest"/>
  <testcase name="uiTest" time="8.481" classname="com.automationpractice.tests.ExecuteTest"/>
  <testcase name="uiTest" time="0.021" classname="com.automationpractice.tests.ExecuteTest"/>
  <testcase name="uiTest" time="1.140" classname="com.automationpractice.tests.ExecuteTest"/>
  <testcase name="uiTest" time="1.331" classname="com.automationpractice.tests.ExecuteTest"/>
  <testcase name="uiTest" time="2.557" classname="com.automationpractice.tests.ExecuteTest"/>
  <testcase name="uiTest" time="0.147" classname="com.automationpractice.tests.ExecuteTest"/>
  <testcase name="uiTest" time="0.028" classname="com.automationpractice.tests.ExecuteTest"/>
  <testcase name="uiTest" time="0.045" classname="com.automationpractice.tests.ExecuteTest"/>
  <testcase name="uiTest" time="0.205" classname="com.automationpractice.tests.ExecuteTest"/>
  <testcase name="uiTest" time="1.579" classname="com.automationpractice.tests.ExecuteTest"/>
</testsuite> <!-- com.automationpractice.tests.ExecuteTest -->
